This file contains any messages produced by compilers while
running configure, to aid debugging if configure makes a mistake.

It was created by evosugar configure 0.0.0, which was
generated by GNU Autoconf 2.64.  Invocation command line was

  $ ./configure 

## --------- ##
## Platform. ##
## --------- ##

hostname = ivan
uname -m = x86_64
uname -r = 2.6.32-trunk-amd64
uname -s = Linux
uname -v = #1 SMP Sun Jan 10 22:40:40 UTC 2010

/usr/bin/uname -p = unknown
/bin/uname -X     = unknown

/bin/arch              = unknown
/usr/bin/arch -k       = unknown
/usr/convex/getsysinfo = unknown
/usr/bin/hostinfo      = unknown
/bin/machine           = unknown
/usr/bin/oslevel       = unknown
/bin/universe          = unknown

PATH: /home/ivan/bin
PATH: /usr/local/bin
PATH: /usr/bin
PATH: /bin
PATH: /usr/games


## ----------- ##
## Core tests. ##
## ----------- ##

configure:2405: checking for a BSD-compatible install
configure:2473: result: /usr/bin/install -c
configure:2484: checking whether build environment is sane
configure:2534: result: yes
configure:2675: checking for a thread-safe mkdir -p
configure:2714: result: /bin/mkdir -p
configure:2727: checking for gawk
configure:2743: found /usr/bin/gawk
configure:2754: result: gawk
configure:2765: checking whether make sets $(MAKE)
configure:2787: result: yes
configure:2871: checking whether to enable maintainer-specific portions of Makefiles
configure:2880: result: no
configure:2898: checking whether NLS is requested
configure:2907: result: yes
configure:2923: checking for style of include used by make
configure:2951: result: GNU
configure:3021: checking for gcc
configure:3037: found /usr/bin/gcc
configure:3048: result: gcc
configure:3277: checking for C compiler version
configure:3286: gcc --version >&5
gcc (Debian 4.3.4-6) 4.3.4
Copyright (C) 2008 Free Software Foundation, Inc.
This is free software; see the source for copying conditions.  There is NO
warranty; not even for MERCHANTABILITY or FITNESS FOR A PARTICULAR PURPOSE.

configure:3297: $? = 0
configure:3286: gcc -v >&5
Using built-in specs.
Target: x86_64-linux-gnu
Configured with: ../src/configure -v --with-pkgversion='Debian 4.3.4-6' --with-bugurl=file:///usr/share/doc/gcc-4.3/README.Bugs --enable-languages=c,c++,fortran,objc,obj-c++ --prefix=/usr --enable-shared --enable-multiarch --enable-linker-build-id --with-system-zlib --libexecdir=/usr/lib --without-included-gettext --enable-threads=posix --enable-nls --with-gxx-include-dir=/usr/include/c++/4.3 --program-suffix=-4.3 --enable-clocale=gnu --enable-libstdcxx-debug --enable-objc-gc --enable-mpfr --with-tune=generic --enable-checking=release --build=x86_64-linux-gnu --host=x86_64-linux-gnu --target=x86_64-linux-gnu
Thread model: posix
gcc version 4.3.4 (Debian 4.3.4-6) 
configure:3297: $? = 0
configure:3286: gcc -V >&5
gcc: '-V' option must have argument
configure:3297: $? = 1
configure:3286: gcc -qversion >&5
gcc: unrecognized option '-qversion'
gcc: no input files
configure:3297: $? = 1
configure:3319: checking for C compiler default output file name
configure:3341: gcc    conftest.c  >&5
configure:3345: $? = 0
configure:3382: result: a.out
configure:3398: checking whether the C compiler works
configure:3407: ./a.out
configure:3411: $? = 0
configure:3426: result: yes
configure:3433: checking whether we are cross compiling
configure:3435: result: no
configure:3438: checking for suffix of executables
configure:3445: gcc -o conftest    conftest.c  >&5
configure:3449: $? = 0
configure:3471: result: 
configure:3477: checking for suffix of object files
configure:3499: gcc -c   conftest.c >&5
configure:3503: $? = 0
configure:3524: result: o
configure:3528: checking whether we are using the GNU C compiler
configure:3547: gcc -c   conftest.c >&5
configure:3547: $? = 0
configure:3556: result: yes
configure:3565: checking whether gcc accepts -g
configure:3585: gcc -c -g  conftest.c >&5
configure:3585: $? = 0
configure:3626: result: yes
configure:3643: checking for gcc option to accept ISO C89
configure:3707: gcc  -c -g -O2  conftest.c >&5
configure:3707: $? = 0
configure:3720: result: none needed
configure:3742: checking dependency style of gcc
configure:3852: result: gcc3
configure:3879: checking for intltool >= 0.21
configure:3886: result: 0.40.6 found
configure:3894: checking for intltool-update
configure:3912: found /usr/bin/intltool-update
configure:3924: result: /usr/bin/intltool-update
configure:3934: checking for intltool-merge
configure:3952: found /usr/bin/intltool-merge
configure:3964: result: /usr/bin/intltool-merge
configure:3974: checking for intltool-extract
configure:3992: found /usr/bin/intltool-extract
configure:4004: result: /usr/bin/intltool-extract
configure:4135: checking for xgettext
configure:4153: found /usr/bin/xgettext
configure:4165: result: /usr/bin/xgettext
configure:4175: checking for msgmerge
configure:4193: found /usr/bin/msgmerge
configure:4205: result: /usr/bin/msgmerge
configure:4215: checking for msgfmt
configure:4233: found /usr/bin/msgfmt
configure:4245: result: /usr/bin/msgfmt
configure:4255: checking for gmsgfmt
configure:4286: result: /usr/bin/msgfmt
configure:4306: checking for perl
configure:4324: found /usr/bin/perl
configure:4336: result: /usr/bin/perl
configure:4347: checking for perl >= 5.8.1
configure:4354: result: 5.10.1
configure:4358: checking for XML::Parser
configure:4361: result: ok
configure:4386: gcc -o conftest -g -O2   conftest.c  >&5
configure:4386: $? = 0
configure:4461: checking for gcc
configure:4488: result: gcc
configure:4717: checking for C compiler version
configure:4726: gcc --version >&5
gcc (Debian 4.3.4-6) 4.3.4
Copyright (C) 2008 Free Software Foundation, Inc.
This is free software; see the source for copying conditions.  There is NO
warranty; not even for MERCHANTABILITY or FITNESS FOR A PARTICULAR PURPOSE.

configure:4737: $? = 0
configure:4726: gcc -v >&5
Using built-in specs.
Target: x86_64-linux-gnu
Configured with: ../src/configure -v --with-pkgversion='Debian 4.3.4-6' --with-bugurl=file:///usr/share/doc/gcc-4.3/README.Bugs --enable-languages=c,c++,fortran,objc,obj-c++ --prefix=/usr --enable-shared --enable-multiarch --enable-linker-build-id --with-system-zlib --libexecdir=/usr/lib --without-included-gettext --enable-threads=posix --enable-nls --with-gxx-include-dir=/usr/include/c++/4.3 --program-suffix=-4.3 --enable-clocale=gnu --enable-libstdcxx-debug --enable-objc-gc --enable-mpfr --with-tune=generic --enable-checking=release --build=x86_64-linux-gnu --host=x86_64-linux-gnu --target=x86_64-linux-gnu
Thread model: posix
gcc version 4.3.4 (Debian 4.3.4-6) 
configure:4737: $? = 0
configure:4726: gcc -V >&5
gcc: '-V' option must have argument
configure:4737: $? = 1
configure:4726: gcc -qversion >&5
gcc: unrecognized option '-qversion'
gcc: no input files
configure:4737: $? = 1
configure:4741: checking whether we are using the GNU C compiler
configure:4769: result: yes
configure:4778: checking whether gcc accepts -g
configure:4839: result: yes
configure:4856: checking for gcc option to accept ISO C89
configure:4933: result: none needed
configure:4955: checking dependency style of gcc
configure:5065: result: gcc3
configure:5080: checking for library containing strerror
configure:5111: gcc -o conftest -g -O2   conftest.c  >&5
configure:5111: $? = 0
configure:5128: result: none required
configure:5141: checking how to run the C preprocessor
configure:5172: gcc -E  conftest.c
configure:5172: $? = 0
configure:5186: gcc -E  conftest.c
conftest.c:11:28: error: ac_nonexistent.h: No such file or directory
configure:5186: $? = 1
configure: failed program was:
| /* confdefs.h */
| #define PACKAGE_NAME "evosugar"
| #define PACKAGE_TARNAME "evosugar"
| #define PACKAGE_VERSION "0.0.0"
| #define PACKAGE_STRING "evosugar 0.0.0"
| #define PACKAGE_BUGREPORT ""
| #define PACKAGE_URL ""
| #define PACKAGE "evosugar"
| #define VERSION "0.0.0"
| /* end confdefs.h.  */
| #include <ac_nonexistent.h>
configure:5211: result: gcc -E
configure:5231: gcc -E  conftest.c
configure:5231: $? = 0
configure:5245: gcc -E  conftest.c
conftest.c:11:28: error: ac_nonexistent.h: No such file or directory
configure:5245: $? = 1
configure: failed program was:
| /* confdefs.h */
| #define PACKAGE_NAME "evosugar"
| #define PACKAGE_TARNAME "evosugar"
| #define PACKAGE_VERSION "0.0.0"
| #define PACKAGE_STRING "evosugar 0.0.0"
| #define PACKAGE_BUGREPORT ""
| #define PACKAGE_URL ""
| #define PACKAGE "evosugar"
| #define VERSION "0.0.0"
| /* end confdefs.h.  */
| #include <ac_nonexistent.h>
configure:5274: checking for grep that handles long lines and -e
configure:5332: result: /bin/grep
configure:5337: checking for egrep
configure:5399: result: /bin/grep -E
configure:5404: checking for ANSI C header files
configure:5424: gcc -c -g -O2  conftest.c >&5
configure:5424: $? = 0
configure:5497: gcc -o conftest -g -O2   conftest.c  >&5
configure:5497: $? = 0
configure:5497: ./conftest
configure:5497: $? = 0
configure:5508: result: yes
configure:5576: checking build system type
configure:5590: result: x86_64-unknown-linux-gnu
configure:5610: checking host system type
configure:5623: result: x86_64-unknown-linux-gnu
configure:5643: checking for a sed that does not truncate output
configure:5707: result: /bin/sed
configure:5725: checking for fgrep
configure:5787: result: /bin/grep -F
configure:5822: checking for ld used by gcc
configure:5889: result: /usr/bin/ld
configure:5896: checking if the linker (/usr/bin/ld) is GNU ld
configure:5911: result: yes
configure:5923: checking for BSD- or MS-compatible name lister (nm)
configure:5972: result: /usr/bin/nm -B
configure:6090: checking the name lister (/usr/bin/nm -B) interface
configure:6097: gcc -c -g -O2  conftest.c >&5
configure:6100: /usr/bin/nm -B "conftest.o"
configure:6103: output
0000000000000000 B some_variable
configure:6110: result: BSD nm
configure:6113: checking whether ln -s works
configure:6117: result: yes
configure:6125: checking the maximum length of command line arguments
configure:6245: result: 1572864
configure:6262: checking whether the shell understands some XSI constructs
configure:6272: result: yes
configure:6276: checking whether the shell understands "+="
configure:6282: result: yes
configure:6317: checking for /usr/bin/ld option to reload object files
configure:6324: result: -r
configure:6393: checking for objdump
configure:6409: found /usr/bin/objdump
configure:6420: result: objdump
configure:6452: checking how to recognize dependent libraries
configure:6648: result: pass_all
configure:6708: checking for ar
configure:6724: found /usr/bin/ar
configure:6735: result: ar
configure:6813: checking for strip
configure:6829: found /usr/bin/strip
configure:6840: result: strip
configure:6912: checking for ranlib
configure:6928: found /usr/bin/ranlib
configure:6939: result: ranlib
configure:7029: checking command to parse /usr/bin/nm -B output from gcc object
configure:7147: gcc -c -g -O2  conftest.c >&5
configure:7150: $? = 0
configure:7154: /usr/bin/nm -B conftest.o \| sed -n -e 's/^.*[	 ]\([ABCDGIRSTW][ABCDGIRSTW]*\)[	 ][	 ]*\([_A-Za-z][_A-Za-z0-9]*\)$/\1 \2 \2/p' \> conftest.nm
configure:7157: $? = 0
configure:7211: gcc -o conftest -g -O2   conftest.c conftstm.o >&5
configure:7214: $? = 0
configure:7252: result: ok
configure:7347: gcc -c -g -O2  conftest.c >&5
configure:7350: $? = 0
configure:8060: checking for sys/types.h
configure:8060: gcc -c -g -O2  conftest.c >&5
configure:8060: $? = 0
configure:8060: result: yes
configure:8060: checking for sys/stat.h
configure:8060: gcc -c -g -O2  conftest.c >&5
configure:8060: $? = 0
configure:8060: result: yes
configure:8060: checking for stdlib.h
configure:8060: gcc -c -g -O2  conftest.c >&5
configure:8060: $? = 0
configure:8060: result: yes
configure:8060: checking for string.h
configure:8060: gcc -c -g -O2  conftest.c >&5
configure:8060: $? = 0
configure:8060: result: yes
configure:8060: checking for memory.h
configure:8060: gcc -c -g -O2  conftest.c >&5
configure:8060: $? = 0
configure:8060: result: yes
configure:8060: checking for strings.h
configure:8060: gcc -c -g -O2  conftest.c >&5
configure:8060: $? = 0
configure:8060: result: yes
configure:8060: checking for inttypes.h
configure:8060: gcc -c -g -O2  conftest.c >&5
configure:8060: $? = 0
configure:8060: result: yes
configure:8060: checking for stdint.h
configure:8060: gcc -c -g -O2  conftest.c >&5
configure:8060: $? = 0
configure:8060: result: yes
configure:8060: checking for unistd.h
configure:8060: gcc -c -g -O2  conftest.c >&5
configure:8060: $? = 0
configure:8060: result: yes
configure:8075: checking for dlfcn.h
configure:8075: gcc -c -g -O2  conftest.c >&5
configure:8075: $? = 0
configure:8075: result: yes
configure:8229: checking for objdir
configure:8244: result: .libs
configure:8536: checking if gcc supports -fno-rtti -fno-exceptions
configure:8554: gcc -c -g -O2  -fno-rtti -fno-exceptions conftest.c >&5
cc1: warning: command line option "-fno-rtti" is valid for C++/ObjC++ but not for C
configure:8558: $? = 0
configure:8571: result: no
configure:8591: checking for gcc option to produce PIC
configure:8863: result: -fPIC -DPIC
configure:8875: checking if gcc PIC flag -fPIC -DPIC works
configure:8893: gcc -c -g -O2  -fPIC -DPIC -DPIC conftest.c >&5
configure:8897: $? = 0
configure:8910: result: yes
configure:8934: checking if gcc static flag -static works
configure:8962: result: yes
configure:8977: checking if gcc supports -c -o file.o
configure:8998: gcc -c -g -O2  -o out/conftest2.o conftest.c >&5
configure:9002: $? = 0
configure:9024: result: yes
configure:9032: checking if gcc supports -c -o file.o
configure:9079: result: yes
configure:9112: checking whether the gcc linker (/usr/bin/ld -m elf_x86_64) supports shared libraries
configure:10102: result: yes
configure:10139: checking whether -lc should be explicitly linked in
configure:10144: gcc -c -g -O2  conftest.c >&5
configure:10147: $? = 0
configure:10162: gcc -shared conftest.o  -v -Wl,-soname -Wl,conftest -o conftest 2\>\&1 \| /bin/grep  -lc  \>/dev/null 2\>\&1
configure:10165: $? = 0
configure:10177: result: no
configure:10341: checking dynamic linker characteristics
configure:10774: gcc -o conftest -g -O2   -Wl,-rpath -Wl,/foo conftest.c  >&5
configure:10774: $? = 0
configure:11004: result: GNU/Linux ld.so
configure:11106: checking how to hardcode library paths into programs
configure:11131: result: immediate
configure:11651: checking whether stripping libraries is possible
configure:11656: result: yes
configure:11691: checking if libtool supports shared libraries
configure:11693: result: yes
configure:11696: checking whether to build shared libraries
configure:11717: result: yes
configure:11720: checking whether to build static libraries
configure:11724: result: no
configure:11832: checking what warning flags to pass to the C compiler
configure:11834: result: -Wall -Wmissing-prototypes
configure:11845: checking what language compliance flags to pass to the C compiler
configure:11860: result: 
configure:11923: checking for pkg-config
configure:11941: found /usr/bin/pkg-config
configure:11953: result: /usr/bin/pkg-config
configure:11978: checking pkg-config is at least version 0.9.0
configure:11981: result: yes
configure:11992: checking for TEST_EPLUGIN
configure:12000: $PKG_CONFIG --exists --print-errors "libgnome-2.0 >= $LIBGNOME_REQUIRED    libgnomeui-2.0 >= $LIBGNOMEUI_REQUIRED    gtk+-2.0 >= $LIBGTK_REQUIRED    evolution-plugin >= $EVOLUTION_REQUIRED    gsoap >= $GSOAP_REQUIRED    libssl >= $LIBSSL_REQUIRED "
configure:12003: $? = 0
configure:12018: $PKG_CONFIG --exists --print-errors "libgnome-2.0 >= $LIBGNOME_REQUIRED    libgnomeui-2.0 >= $LIBGNOMEUI_REQUIRED    gtk+-2.0 >= $LIBGTK_REQUIRED    evolution-plugin >= $EVOLUTION_REQUIRED    gsoap >= $GSOAP_REQUIRED    libssl >= $LIBSSL_REQUIRED "
configure:12021: $? = 0
configure:12076: result: yes
configure:12108: checking locale.h usability
configure:12108: gcc -c -g -O2  conftest.c >&5
configure:12108: $? = 0
configure:12108: result: yes
configure:12108: checking locale.h presence
configure:12108: gcc -E  conftest.c
configure:12108: $? = 0
configure:12108: result: yes
configure:12108: checking for locale.h
configure:12108: result: yes
configure:12119: checking for LC_MESSAGES
configure:12135: gcc -o conftest -g -O2   conftest.c  >&5
configure:12135: $? = 0
configure:12143: result: yes
configure:12160: checking libintl.h usability
configure:12160: gcc -c -g -O2  conftest.c >&5
configure:12160: $? = 0
configure:12160: result: yes
configure:12160: checking libintl.h presence
configure:12160: gcc -E  conftest.c
configure:12160: $? = 0
configure:12160: result: yes
configure:12160: checking for libintl.h
configure:12160: result: yes
configure:12168: checking for ngettext in libc
configure:12186: gcc -o conftest -g -O2   conftest.c  >&5
configure:12186: $? = 0
configure:12195: result: yes
configure:12199: checking for dgettext in libc
configure:12217: gcc -o conftest -g -O2   conftest.c  >&5
configure:12217: $? = 0
configure:12226: result: yes
configure:12233: checking for bind_textdomain_codeset
configure:12233: gcc -o conftest -g -O2   conftest.c  >&5
configure:12233: $? = 0
configure:12233: result: yes
configure:12509: checking for msgfmt
configure:12536: result: /usr/bin/msgfmt
configure:12547: checking for dcgettext
configure:12547: gcc -o conftest -g -O2   conftest.c   >&5
conftest.c:50: warning: conflicting types for built-in function 'dcgettext'
configure:12547: $? = 0
configure:12547: result: yes
configure:12557: checking if msgfmt accepts -c
configure:12572: $MSGFMT -c -o /dev/null conftest.foo
configure:12575: $? = 0
configure:12577: result: yes
configure:12587: checking for gmsgfmt
configure:12618: result: /usr/bin/msgfmt
configure:12628: checking for xgettext
configure:12655: result: /usr/bin/xgettext
configure:12674: gcc -o conftest -g -O2   conftest.c   >&5
configure:12674: $? = 0
configure:12752: checking for catalogs to be installed
configure:12777: result:  en_AU es_ES eu_ES
configure:12971: creating ./config.status

## ---------------------- ##
## Running config.status. ##
## ---------------------- ##

This file was extended by evosugar config.status 0.0.0, which was
generated by GNU Autoconf 2.64.  Invocation command line was

  CONFIG_FILES    = 
  CONFIG_HEADERS  = 
  CONFIG_LINKS    = 
  CONFIG_COMMANDS = 
  $ ./config.status 

on ivan

config.status:1149: creating Makefile
config.status:1149: creating src/Makefile
config.status:1149: creating po/Makefile.in
config.status:1149: creating config.h
config.status:1321: config.h is unchanged
config.status:1369: executing depfiles commands
config.status:1369: executing libtool commands
config.status:1369: executing default-1 commands
config.status:1369: executing po/stamp-it commands

## ---------------- ##
## Cache variables. ##
## ---------------- ##

ac_cv_build=x86_64-unknown-linux-gnu
ac_cv_c_compiler_gnu=yes
ac_cv_env_CC_set=
ac_cv_env_CC_value=
ac_cv_env_CFLAGS_set=
ac_cv_env_CFLAGS_value=
ac_cv_env_CPPFLAGS_set=
ac_cv_env_CPPFLAGS_value=
ac_cv_env_CPP_set=
ac_cv_env_CPP_value=
ac_cv_env_LDFLAGS_set=
ac_cv_env_LDFLAGS_value=
ac_cv_env_LIBS_set=
ac_cv_env_LIBS_value=
ac_cv_env_PKG_CONFIG_set=
ac_cv_env_PKG_CONFIG_value=
ac_cv_env_TEST_EPLUGIN_CFLAGS_set=
ac_cv_env_TEST_EPLUGIN_CFLAGS_value=
ac_cv_env_TEST_EPLUGIN_LIBS_set=
ac_cv_env_TEST_EPLUGIN_LIBS_value=
ac_cv_env_build_alias_set=
ac_cv_env_build_alias_value=
ac_cv_env_host_alias_set=
ac_cv_env_host_alias_value=
ac_cv_env_target_alias_set=
ac_cv_env_target_alias_value=
ac_cv_func_bind_textdomain_codeset=yes
ac_cv_func_dcgettext=yes
ac_cv_header_dlfcn_h=yes
ac_cv_header_inttypes_h=yes
ac_cv_header_libintl_h=yes
ac_cv_header_locale_h=yes
ac_cv_header_memory_h=yes
ac_cv_header_stdc=yes
ac_cv_header_stdint_h=yes
ac_cv_header_stdlib_h=yes
ac_cv_header_string_h=yes
ac_cv_header_strings_h=yes
ac_cv_header_sys_stat_h=yes
ac_cv_header_sys_types_h=yes
ac_cv_header_unistd_h=yes
ac_cv_host=x86_64-unknown-linux-gnu
ac_cv_objext=o
ac_cv_path_EGREP='/bin/grep -E'
ac_cv_path_FGREP='/bin/grep -F'
ac_cv_path_GMSGFMT=/usr/bin/msgfmt
ac_cv_path_GREP=/bin/grep
ac_cv_path_INTLTOOL_EXTRACT=/usr/bin/intltool-extract
ac_cv_path_INTLTOOL_MERGE=/usr/bin/intltool-merge
ac_cv_path_INTLTOOL_PERL=/usr/bin/perl
ac_cv_path_INTLTOOL_UPDATE=/usr/bin/intltool-update
ac_cv_path_MSGFMT=/usr/bin/msgfmt
ac_cv_path_MSGMERGE=/usr/bin/msgmerge
ac_cv_path_SED=/bin/sed
ac_cv_path_XGETTEXT=/usr/bin/xgettext
ac_cv_path_ac_pt_PKG_CONFIG=/usr/bin/pkg-config
ac_cv_path_install='/usr/bin/install -c'
ac_cv_path_mkdir=/bin/mkdir
ac_cv_prog_AWK=gawk
ac_cv_prog_CPP='gcc -E'
ac_cv_prog_ac_ct_AR=ar
ac_cv_prog_ac_ct_CC=gcc
ac_cv_prog_ac_ct_OBJDUMP=objdump
ac_cv_prog_ac_ct_RANLIB=ranlib
ac_cv_prog_ac_ct_STRIP=strip
ac_cv_prog_cc_c89=
ac_cv_prog_cc_g=yes
ac_cv_prog_make_make_set=yes
ac_cv_search_strerror='none required'
am_cv_CC_dependencies_compiler_type=gcc3
am_cv_val_LC_MESSAGES=yes
gt_cv_func_dgettext_libc=yes
gt_cv_func_dgettext_libintl=no
gt_cv_func_ngettext_libc=yes
gt_cv_have_gettext=yes
lt_cv_deplibs_check_method=pass_all
lt_cv_file_magic_cmd='$MAGIC_CMD'
lt_cv_file_magic_test_file=
lt_cv_ld_reload_flag=-r
lt_cv_nm_interface='BSD nm'
lt_cv_objdir=.libs
lt_cv_path_LD=/usr/bin/ld
lt_cv_path_NM='/usr/bin/nm -B'
lt_cv_prog_compiler_c_o=yes
lt_cv_prog_compiler_pic_works=yes
lt_cv_prog_compiler_rtti_exceptions=no
lt_cv_prog_compiler_static_works=yes
lt_cv_prog_gnu_ld=yes
lt_cv_sys_global_symbol_pipe='sed -n -e '\''s/^.*[	 ]\([ABCDGIRSTW][ABCDGIRSTW]*\)[	 ][	 ]*\([_A-Za-z][_A-Za-z0-9]*\)$/\1 \2 \2/p'\'''
lt_cv_sys_global_symbol_to_c_name_address='sed -n -e '\''s/^: \([^ ]*\) $/  {\"\1\", (void *) 0},/p'\'' -e '\''s/^[ABCDGIRSTW]* \([^ ]*\) \([^ ]*\)$/  {"\2", (void *) \&\2},/p'\'''
lt_cv_sys_global_symbol_to_c_name_address_lib_prefix='sed -n -e '\''s/^: \([^ ]*\) $/  {\"\1\", (void *) 0},/p'\'' -e '\''s/^[ABCDGIRSTW]* \([^ ]*\) \(lib[^ ]*\)$/  {"\2", (void *) \&\2},/p'\'' -e '\''s/^[ABCDGIRSTW]* \([^ ]*\) \([^ ]*\)$/  {"lib\2", (void *) \&\2},/p'\'''
lt_cv_sys_global_symbol_to_cdecl='sed -n -e '\''s/^T .* \(.*\)$/extern int \1();/p'\'' -e '\''s/^[ABCDGIRSTW]* .* \(.*\)$/extern char \1;/p'\'''
lt_cv_sys_max_cmd_len=1572864
pkg_cv_TEST_EPLUGIN_CFLAGS='-DORBIT2=1 -pthread -D_REENTRANT -DWITH_DOM -I/usr/include/libgnome-2.0 -I/usr/include/orbit-2.0 -I/usr/include/gconf/2 -I/usr/include/gnome-vfs-2.0 -I/usr/lib/gnome-vfs-2.0/include -I/usr/include/glib-2.0 -I/usr/lib/glib-2.0/include -I/usr/include/libbonobo-2.0 -I/usr/include/dbus-1.0 -I/usr/lib/dbus-1.0/include -I/usr/include/bonobo-activation-2.0 -I/usr/include/libgnomeui-2.0 -I/usr/include/libart-2.0 -I/usr/include/gnome-keyring-1 -I/usr/include/libbonoboui-2.0 -I/usr/include/libgnomecanvas-2.0 -I/usr/include/gtk-2.0 -I/usr/include/libxml2 -I/usr/include/pango-1.0 -I/usr/include/gail-1.0 -I/usr/include/freetype2 -I/usr/include/atk-1.0 -I/usr/lib/gtk-2.0/include -I/usr/include/cairo -I/usr/include/pixman-1 -I/usr/include/directfb -I/usr/include/libpng12 -I/usr/include/evolution-2.28 -I/usr/include/evolution-data-server-2.28 -I/usr/include/libsoup-2.4  '
pkg_cv_TEST_EPLUGIN_LIBS='-pthread -Wl,-R/usr/lib/evolution/2.28 -L/usr/lib/evolution/2.28 -leutil -lgnomeui-2 -lSM -lICE -lcamel-provider-1.2 -lbonoboui-2 -lgnomevfs-2 -lgnomecanvas-2 -lgnome-2 -lpopt -lart_lgpl_2 -lgtk-x11-2.0 -lgdk-x11-2.0 -latk-1.0 -lpangoft2-1.0 -lgdk_pixbuf-2.0 -lm -lpangocairo-1.0 -lcairo -lpango-1.0 -lfreetype -lfontconfig -lcamel-1.2 -ledataserver-1.2 -lsqlite3 -lxml2 -lgconf-2 -lsoup-2.4 -lbonobo-2 -lgio-2.0 -lbonobo-activation -lgmodule-2.0 -lORBit-2 -lgobject-2.0 -lgthread-2.0 -lrt -lglib-2.0 -lgsoap -lssl  '

## ----------------- ##
## Output variables. ##
## ----------------- ##

ACLOCAL='${SHELL} /home/ivan/workspace/evosugar/evosugar-1.0-beta8/missing --run aclocal-1.11'
ACLOCAL_AMFLAGS='${ACLOCAL_FLAGS}'
ALL_LINGUAS='en_AU es_ES eu_ES'
AMDEPBACKSLASH='\'
AMDEP_FALSE='#'
AMDEP_TRUE=''
AMTAR='${SHELL} /home/ivan/workspace/evosugar/evosugar-1.0-beta8/missing --run tar'
AR='ar'
AUTOCONF='${SHELL} /home/ivan/workspace/evosugar/evosugar-1.0-beta8/missing --run autoconf'
AUTOHEADER='${SHELL} /home/ivan/workspace/evosugar/evosugar-1.0-beta8/missing --run autoheader'
AUTOMAKE='${SHELL} /home/ivan/workspace/evosugar/evosugar-1.0-beta8/missing --run automake-1.11'
AWK='gawk'
CATALOGS=' en_AU.gmo es_ES.gmo eu_ES.gmo'
CATOBJEXT='.gmo'
CC='gcc'
CCDEPMODE='depmode=gcc3'
CFLAGS='-g -O2'
CPP='gcc -E'
CPPFLAGS=''
CYGPATH_W='echo'
DATADIRNAME='share'
DEFS='-DHAVE_CONFIG_H'
DEPDIR='.deps'
DSYMUTIL=''
DUMPBIN=''
ECHO_C=''
ECHO_N='-n'
ECHO_T=''
EGREP='/bin/grep -E'
ERROR_DIR='/usr/share/evolution/2.28/errors'
EXEEXT=''
FGREP='/bin/grep -F'
GETTEXT_PACKAGE='evosugar-eplugin-0.0'
GMOFILES=' en_AU.gmo es_ES.gmo eu_ES.gmo'
GMSGFMT='/usr/bin/msgfmt'
GREP='/bin/grep'
INSTALL_DATA='${INSTALL} -m 644'
INSTALL_PROGRAM='${INSTALL}'
INSTALL_SCRIPT='${INSTALL}'
INSTALL_STRIP_PROGRAM='$(install_sh) -c -s'
INSTOBJEXT='.mo'
INTLLIBS=''
INTLTOOL_CAVES_RULE='%.caves:     %.caves.in     $(INTLTOOL_MERGE) $(wildcard $(top_srcdir)/po/*.po) ; LC_ALL=C $(INTLTOOL_MERGE) -d -u -c $(top_builddir)/po/.intltool-merge-cache $(top_srcdir)/po $< $@'
INTLTOOL_DESKTOP_RULE='%.desktop:   %.desktop.in   $(INTLTOOL_MERGE) $(wildcard $(top_srcdir)/po/*.po) ; LC_ALL=C $(INTLTOOL_MERGE) -d -u -c $(top_builddir)/po/.intltool-merge-cache $(top_srcdir)/po $< $@'
INTLTOOL_DIRECTORY_RULE='%.directory: %.directory.in $(INTLTOOL_MERGE) $(wildcard $(top_srcdir)/po/*.po) ; LC_ALL=C $(INTLTOOL_MERGE) -d -u -c $(top_builddir)/po/.intltool-merge-cache $(top_srcdir)/po $< $@'
INTLTOOL_EXTRACT='/usr/bin/intltool-extract'
INTLTOOL_KBD_RULE='%.kbd:       %.kbd.in       $(INTLTOOL_MERGE) $(wildcard $(top_srcdir)/po/*.po) ; LC_ALL=C $(INTLTOOL_MERGE) -x -u -m -c $(top_builddir)/po/.intltool-merge-cache $(top_srcdir)/po $< $@'
INTLTOOL_KEYS_RULE='%.keys:      %.keys.in      $(INTLTOOL_MERGE) $(wildcard $(top_srcdir)/po/*.po) ; LC_ALL=C $(INTLTOOL_MERGE) -k -u -c $(top_builddir)/po/.intltool-merge-cache $(top_srcdir)/po $< $@'
INTLTOOL_MERGE='/usr/bin/intltool-merge'
INTLTOOL_OAF_RULE='%.oaf:       %.oaf.in       $(INTLTOOL_MERGE) $(wildcard $(top_srcdir)/po/*.po) ; LC_ALL=C $(INTLTOOL_MERGE) -o -p $(top_srcdir)/po $< $@'
INTLTOOL_PERL='/usr/bin/perl'
INTLTOOL_POLICY_RULE='%.policy:    %.policy.in    $(INTLTOOL_MERGE) $(wildcard $(top_srcdir)/po/*.po) ; LC_ALL=C $(INTLTOOL_MERGE) -x -u -c $(top_builddir)/po/.intltool-merge-cache $(top_srcdir)/po $< $@'
INTLTOOL_PONG_RULE='%.pong:      %.pong.in      $(INTLTOOL_MERGE) $(wildcard $(top_srcdir)/po/*.po) ; LC_ALL=C $(INTLTOOL_MERGE) -x -u -c $(top_builddir)/po/.intltool-merge-cache $(top_srcdir)/po $< $@'
INTLTOOL_PROP_RULE='%.prop:      %.prop.in      $(INTLTOOL_MERGE) $(wildcard $(top_srcdir)/po/*.po) ; LC_ALL=C $(INTLTOOL_MERGE) -d -u -c $(top_builddir)/po/.intltool-merge-cache $(top_srcdir)/po $< $@'
INTLTOOL_SCHEMAS_RULE='%.schemas:   %.schemas.in   $(INTLTOOL_MERGE) $(wildcard $(top_srcdir)/po/*.po) ; LC_ALL=C $(INTLTOOL_MERGE) -s -u -c $(top_builddir)/po/.intltool-merge-cache $(top_srcdir)/po $< $@'
INTLTOOL_SERVER_RULE='%.server:    %.server.in    $(INTLTOOL_MERGE) $(wildcard $(top_srcdir)/po/*.po) ; LC_ALL=C $(INTLTOOL_MERGE) -o -u -c $(top_builddir)/po/.intltool-merge-cache $(top_srcdir)/po $< $@'
INTLTOOL_SERVICE_RULE='%.service: %.service.in   $(INTLTOOL_MERGE) $(wildcard $(top_srcdir)/po/*.po) ; LC_ALL=C $(INTLTOOL_MERGE) -d -u -c $(top_builddir)/po/.intltool-merge-cache $(top_srcdir)/po $< $@'
INTLTOOL_SHEET_RULE='%.sheet:     %.sheet.in     $(INTLTOOL_MERGE) $(wildcard $(top_srcdir)/po/*.po) ; LC_ALL=C $(INTLTOOL_MERGE) -x -u -c $(top_builddir)/po/.intltool-merge-cache $(top_srcdir)/po $< $@'
INTLTOOL_SOUNDLIST_RULE='%.soundlist: %.soundlist.in $(INTLTOOL_MERGE) $(wildcard $(top_srcdir)/po/*.po) ; LC_ALL=C $(INTLTOOL_MERGE) -d -u -c $(top_builddir)/po/.intltool-merge-cache $(top_srcdir)/po $< $@'
INTLTOOL_THEME_RULE='%.theme:     %.theme.in     $(INTLTOOL_MERGE) $(wildcard $(top_srcdir)/po/*.po) ; LC_ALL=C $(INTLTOOL_MERGE) -d -u -c $(top_builddir)/po/.intltool-merge-cache $(top_srcdir)/po $< $@'
INTLTOOL_UI_RULE='%.ui:        %.ui.in        $(INTLTOOL_MERGE) $(wildcard $(top_srcdir)/po/*.po) ; LC_ALL=C $(INTLTOOL_MERGE) -x -u -c $(top_builddir)/po/.intltool-merge-cache $(top_srcdir)/po $< $@'
INTLTOOL_UPDATE='/usr/bin/intltool-update'
INTLTOOL_XAM_RULE='%.xam:       %.xml.in       $(INTLTOOL_MERGE) $(wildcard $(top_srcdir)/po/*.po) ; LC_ALL=C $(INTLTOOL_MERGE) -x -u -c $(top_builddir)/po/.intltool-merge-cache $(top_srcdir)/po $< $@'
INTLTOOL_XML_NOMERGE_RULE='%.xml:       %.xml.in       $(INTLTOOL_MERGE) ; LC_ALL=C $(INTLTOOL_MERGE) -x -u /tmp $< $@'
INTLTOOL_XML_RULE='%.xml:       %.xml.in       $(INTLTOOL_MERGE) $(wildcard $(top_srcdir)/po/*.po) ; LC_ALL=C $(INTLTOOL_MERGE) -x -u -c $(top_builddir)/po/.intltool-merge-cache $(top_srcdir)/po $< $@'
LD='/usr/bin/ld -m elf_x86_64'
LDFLAGS=''
LIBOBJS=''
LIBS=''
LIBTOOL='$(SHELL) $(top_builddir)/libtool'
LIPO=''
LN_S='ln -s'
LOCALEDIR='/usr/local/share/locale'
LTLIBOBJS=''
MAINT='#'
MAINTAINER_MODE_FALSE=''
MAINTAINER_MODE_TRUE='#'
MAKEINFO='${SHELL} /home/ivan/workspace/evosugar/evosugar-1.0-beta8/missing --run makeinfo'
MKDIR_P='/bin/mkdir -p'
MKINSTALLDIRS='./mkinstalldirs'
MSGFMT='/usr/bin/msgfmt'
MSGFMT_OPTS='-c'
MSGMERGE='/usr/bin/msgmerge'
NM='/usr/bin/nm -B'
NMEDIT=''
OBJDUMP='objdump'
OBJEXT='o'
OTOOL64=''
OTOOL=''
PACKAGE='evosugar'
PACKAGE_BUGREPORT=''
PACKAGE_NAME='evosugar'
PACKAGE_STRING='evosugar 0.0.0'
PACKAGE_TARNAME='evosugar'
PACKAGE_URL=''
PACKAGE_VERSION='0.0.0'
PATH_SEPARATOR=':'
PKG_CONFIG='/usr/bin/pkg-config'
PLUGIN_INSTALL_DIR='/usr/lib/evolution/2.28/plugins'
POFILES=' en_AU.po es_ES.po eu_ES.po'
POSUB='po'
PO_IN_DATADIR_FALSE=''
PO_IN_DATADIR_TRUE=''
RANLIB='ranlib'
SED='/bin/sed'
SET_MAKE=''
SHELL='/bin/bash'
STRIP='strip'
TEST_EPLUGIN_CFLAGS='-DORBIT2=1 -pthread -D_REENTRANT -DWITH_DOM -I/usr/include/libgnome-2.0 -I/usr/include/orbit-2.0 -I/usr/include/gconf/2 -I/usr/include/gnome-vfs-2.0 -I/usr/lib/gnome-vfs-2.0/include -I/usr/include/glib-2.0 -I/usr/lib/glib-2.0/include -I/usr/include/libbonobo-2.0 -I/usr/include/dbus-1.0 -I/usr/lib/dbus-1.0/include -I/usr/include/bonobo-activation-2.0 -I/usr/include/libgnomeui-2.0 -I/usr/include/libart-2.0 -I/usr/include/gnome-keyring-1 -I/usr/include/libbonoboui-2.0 -I/usr/include/libgnomecanvas-2.0 -I/usr/include/gtk-2.0 -I/usr/include/libxml2 -I/usr/include/pango-1.0 -I/usr/include/gail-1.0 -I/usr/include/freetype2 -I/usr/include/atk-1.0 -I/usr/lib/gtk-2.0/include -I/usr/include/cairo -I/usr/include/pixman-1 -I/usr/include/directfb -I/usr/include/libpng12 -I/usr/include/evolution-2.28 -I/usr/include/evolution-data-server-2.28 -I/usr/include/libsoup-2.4  '
TEST_EPLUGIN_LIBS='-pthread -Wl,-R/usr/lib/evolution/2.28 -L/usr/lib/evolution/2.28 -leutil -lgnomeui-2 -lSM -lICE -lcamel-provider-1.2 -lbonoboui-2 -lgnomevfs-2 -lgnomecanvas-2 -lgnome-2 -lpopt -lart_lgpl_2 -lgtk-x11-2.0 -lgdk-x11-2.0 -latk-1.0 -lpangoft2-1.0 -lgdk_pixbuf-2.0 -lm -lpangocairo-1.0 -lcairo -lpango-1.0 -lfreetype -lfontconfig -lcamel-1.2 -ledataserver-1.2 -lsqlite3 -lxml2 -lgconf-2 -lsoup-2.4 -lbonobo-2 -lgio-2.0 -lbonobo-activation -lgmodule-2.0 -lORBit-2 -lgobject-2.0 -lgthread-2.0 -lrt -lglib-2.0 -lgsoap -lssl  '
USE_NLS='yes'
VERSION='0.0.0'
WARN_CFLAGS='-Wall -Wmissing-prototypes '
XGETTEXT='/usr/bin/xgettext'
ac_ct_CC='gcc'
ac_ct_DUMPBIN=''
am__EXEEXT_FALSE=''
am__EXEEXT_TRUE='#'
am__fastdepCC_FALSE='#'
am__fastdepCC_TRUE=''
am__include='include'
am__isrc=''
am__leading_dot='.'
am__quote=''
am__tar='${AMTAR} chof - "$$tardir"'
am__untar='${AMTAR} xf -'
bindir='${exec_prefix}/bin'
build='x86_64-unknown-linux-gnu'
build_alias=''
build_cpu='x86_64'
build_os='linux-gnu'
build_vendor='unknown'
datadir='${datarootdir}'
datarootdir='${prefix}/share'
docdir='${datarootdir}/doc/${PACKAGE_TARNAME}'
dvidir='${docdir}'
exec_prefix='${prefix}'
host='x86_64-unknown-linux-gnu'
host_alias=''
host_cpu='x86_64'
host_os='linux-gnu'
host_vendor='unknown'
htmldir='${docdir}'
includedir='${prefix}/include'
infodir='${datarootdir}/info'
install_sh='${SHELL} /home/ivan/workspace/evosugar/evosugar-1.0-beta8/install-sh'
libdir='${exec_prefix}/lib'
libexecdir='${exec_prefix}/libexec'
localedir='/usr/local/share/locale'
localstatedir='${prefix}/var'
lt_ECHO='echo'
mandir='${datarootdir}/man'
mkdir_p='/bin/mkdir -p'
oldincludedir='/usr/include'
pdfdir='${docdir}'
prefix='/usr/local'
program_transform_name='s,x,x,'
psdir='${docdir}'
sbindir='${exec_prefix}/sbin'
sharedstatedir='${prefix}/com'
sysconfdir='${prefix}/etc'
target_alias=''

## ----------- ##
## confdefs.h. ##
## ----------- ##

/* confdefs.h */
#define PACKAGE_NAME "evosugar"
#define PACKAGE_TARNAME "evosugar"
#define PACKAGE_VERSION "0.0.0"
#define PACKAGE_STRING "evosugar 0.0.0"
#define PACKAGE_BUGREPORT ""
#define PACKAGE_URL ""
#define PACKAGE "evosugar"
#define VERSION "0.0.0"
#define STDC_HEADERS 1
#define HAVE_SYS_TYPES_H 1
#define HAVE_SYS_STAT_H 1
#define HAVE_STDLIB_H 1
#define HAVE_STRING_H 1
#define HAVE_MEMORY_H 1
#define HAVE_STRINGS_H 1
#define HAVE_INTTYPES_H 1
#define HAVE_STDINT_H 1
#define HAVE_UNISTD_H 1
#define HAVE_DLFCN_H 1
#define LT_OBJDIR ".libs/"
#define HAVE_LOCALE_H 1
#define HAVE_LC_MESSAGES 1
#define HAVE_BIND_TEXTDOMAIN_CODESET 1
#define HAVE_GETTEXT 1
#define HAVE_DCGETTEXT 1
#define ENABLE_NLS 1
#define GETTEXT_PACKAGE "evosugar-eplugin-0.0"
#define GNOMELOCALEDIR "/usr/local/share/locale"

configure: exit 0
